mode: set
itsims/demo/internal/handler/handler.go:18.54,20.2 1 1
itsims/demo/internal/handler/handler.go:22.49,26.2 3 1
itsims/demo/internal/handler/handler.go:26.2,32.3 5 1
itsims/demo/internal/handler/handler.go:35.47,37.2 1 1
itsims/demo/internal/handler/handler.go:39.42,41.16 2 1
itsims/demo/internal/handler/handler.go:41.16,44.3 2 1
itsims/demo/internal/handler/handler.go:46.2,46.33 1 1
itsims/demo/internal/handler/handler.go:49.43,52.16 3 1
itsims/demo/internal/handler/handler.go:52.16,55.3 2 1
itsims/demo/internal/handler/handler.go:57.2,58.16 2 1
itsims/demo/internal/handler/handler.go:58.16,59.36 1 1
itsims/demo/internal/handler/handler.go:59.36,62.4 2 1
itsims/demo/internal/handler/handler.go:63.3,64.9 2 1
itsims/demo/internal/handler/handler.go:67.2,67.32 1 1
itsims/demo/internal/handler/handler.go:70.42,72.47 2 1
itsims/demo/internal/handler/handler.go:72.47,75.3 2 1
itsims/demo/internal/handler/handler.go:77.2,78.16 2 1
itsims/demo/internal/handler/handler.go:78.16,81.3 2 1
itsims/demo/internal/handler/handler.go:83.2,83.37 1 1
itsims/demo/internal/handler/handler.go:86.42,89.16 3 1
itsims/demo/internal/handler/handler.go:89.16,92.3 2 1
itsims/demo/internal/handler/handler.go:94.2,95.47 2 1
itsims/demo/internal/handler/handler.go:95.47,98.3 2 1
itsims/demo/internal/handler/handler.go:100.2,101.16 2 1
itsims/demo/internal/handler/handler.go:101.16,102.36 1 1
itsims/demo/internal/handler/handler.go:102.36,105.4 2 1
itsims/demo/internal/handler/handler.go:106.3,107.9 2 1
itsims/demo/internal/handler/handler.go:110.2,110.32 1 1
itsims/demo/internal/handler/handler.go:113.42,116.16 3 1
itsims/demo/internal/handler/handler.go:116.16,119.3 2 1
itsims/demo/internal/handler/handler.go:121.2,122.16 2 1
itsims/demo/internal/handler/handler.go:122.16,123.36 1 1
itsims/demo/internal/handler/handler.go:123.36,126.4 2 1
itsims/demo/internal/handler/handler.go:127.3,128.9 2 1
itsims/demo/internal/handler/handler.go:131.2,131.32 1 1
itsims/demo/internal/service/service.go:16.71,18.2 1 1
itsims/demo/internal/service/service.go:20.76,22.2 1 1
itsims/demo/internal/service/service.go:24.90,26.2 1 1
itsims/demo/internal/service/service.go:28.42,29.48 1 1
itsims/demo/internal/service/service.go:29.48,31.3 1 1
itsims/demo/internal/service/service.go:32.2,32.12 1 1
itsims/demo/internal/service/service.go:35.107,36.22 1 1
itsims/demo/internal/service/service.go:36.22,38.3 1 1
itsims/demo/internal/service/service.go:40.2,40.51 1 1
itsims/demo/internal/service/service.go:40.51,42.3 1 1
itsims/demo/internal/service/service.go:44.2,44.32 1 1
itsims/demo/internal/service/service.go:47.121,48.22 1 1
itsims/demo/internal/service/service.go:48.22,50.3 1 1
itsims/demo/internal/service/service.go:52.2,52.51 1 1
itsims/demo/internal/service/service.go:52.51,54.3 1 1
itsims/demo/internal/service/service.go:56.2,56.36 1 1
itsims/demo/internal/service/service.go:59.71,61.2 1 1
itsims/demo/internal/repository/postgres.go:17.74,19.2 1 1
itsims/demo/internal/repository/postgres.go:21.90,25.16 3 1
itsims/demo/internal/repository/postgres.go:25.16,27.3 1 1
itsims/demo/internal/repository/postgres.go:28.2,31.18 3 1
itsims/demo/internal/repository/postgres.go:31.18,34.17 3 1
itsims/demo/internal/repository/postgres.go:34.17,36.4 1 1
itsims/demo/internal/repository/postgres.go:37.3,37.33 1 1
itsims/demo/internal/repository/postgres.go:40.2,40.35 1 1
itsims/demo/internal/repository/postgres.go:40.35,42.3 1 1
itsims/demo/internal/repository/postgres.go:44.2,44.21 1 1
itsims/demo/internal/repository/postgres.go:44.21,46.3 1 0
itsims/demo/internal/repository/postgres.go:48.2,48.22 1 1
itsims/demo/internal/repository/postgres.go:51.104,58.16 4 1
itsims/demo/internal/repository/postgres.go:58.16,60.3 1 1
itsims/demo/internal/repository/postgres.go:62.2,62.16 1 1
itsims/demo/internal/repository/postgres.go:65.121,77.16 6 1
itsims/demo/internal/repository/postgres.go:77.16,79.3 1 1
itsims/demo/internal/repository/postgres.go:81.2,81.16 1 1
itsims/demo/internal/repository/postgres.go:84.135,95.16 5 1
itsims/demo/internal/repository/postgres.go:95.16,97.3 1 1
itsims/demo/internal/repository/postgres.go:99.2,99.16 1 1
itsims/demo/internal/repository/postgres.go:102.85,106.16 3 1
itsims/demo/internal/repository/postgres.go:106.16,108.3 1 1
itsims/demo/internal/repository/postgres.go:110.2,111.16 2 1
itsims/demo/internal/repository/postgres.go:111.16,113.3 1 0
itsims/demo/internal/repository/postgres.go:115.2,115.23 1 1
itsims/demo/internal/repository/postgres.go:115.23,117.3 1 1
itsims/demo/internal/repository/postgres.go:119.2,119.12 1 1
