mode: set
itsims/demo/internal/repository/postgres.go:19.74,21.2 1 1
itsims/demo/internal/repository/postgres.go:23.118,28.27 4 1
itsims/demo/internal/repository/postgres.go:28.27,32.3 3 1
itsims/demo/internal/repository/postgres.go:33.2,33.25 1 1
itsims/demo/internal/repository/postgres.go:33.25,37.3 3 1
itsims/demo/internal/repository/postgres.go:38.2,38.25 1 1
itsims/demo/internal/repository/postgres.go:38.25,42.3 3 1
itsims/demo/internal/repository/postgres.go:44.2,45.25 2 1
itsims/demo/internal/repository/postgres.go:45.25,47.3 1 1
itsims/demo/internal/repository/postgres.go:48.2,51.16 3 1
itsims/demo/internal/repository/postgres.go:51.16,53.3 1 1
itsims/demo/internal/repository/postgres.go:54.2,57.18 3 1
itsims/demo/internal/repository/postgres.go:57.18,60.17 3 1
itsims/demo/internal/repository/postgres.go:60.17,62.4 1 1
itsims/demo/internal/repository/postgres.go:63.3,63.33 1 1
itsims/demo/internal/repository/postgres.go:66.2,66.35 1 1
itsims/demo/internal/repository/postgres.go:66.35,68.3 1 1
itsims/demo/internal/repository/postgres.go:70.2,70.21 1 1
itsims/demo/internal/repository/postgres.go:70.21,72.3 1 0
itsims/demo/internal/repository/postgres.go:74.2,74.22 1 1
itsims/demo/internal/repository/postgres.go:77.104,84.16 4 1
itsims/demo/internal/repository/postgres.go:84.16,86.3 1 1
itsims/demo/internal/repository/postgres.go:88.2,88.16 1 1
itsims/demo/internal/repository/postgres.go:91.121,103.16 6 1
itsims/demo/internal/repository/postgres.go:103.16,105.3 1 1
itsims/demo/internal/repository/postgres.go:107.2,107.16 1 1
itsims/demo/internal/repository/postgres.go:110.135,121.16 5 1
itsims/demo/internal/repository/postgres.go:121.16,123.3 1 1
itsims/demo/internal/repository/postgres.go:125.2,125.16 1 1
itsims/demo/internal/repository/postgres.go:128.85,132.16 3 1
itsims/demo/internal/repository/postgres.go:132.16,134.3 1 1
itsims/demo/internal/repository/postgres.go:136.2,137.16 2 1
itsims/demo/internal/repository/postgres.go:137.16,139.3 1 0
itsims/demo/internal/repository/postgres.go:141.2,141.23 1 1
itsims/demo/internal/repository/postgres.go:141.23,143.3 1 1
itsims/demo/internal/repository/postgres.go:145.2,145.12 1 1
itsims/demo/internal/repository/postgres.go:148.96,153.16 3 1
itsims/demo/internal/repository/postgres.go:153.16,155.3 1 1
itsims/demo/internal/repository/postgres.go:158.2,159.16 2 1
itsims/demo/internal/repository/postgres.go:159.16,161.3 1 1
itsims/demo/internal/repository/postgres.go:162.2,164.24 2 1
itsims/demo/internal/repository/postgres.go:164.24,166.65 2 1
itsims/demo/internal/repository/postgres.go:166.65,168.4 1 1
itsims/demo/internal/repository/postgres.go:169.3,169.48 1 1
itsims/demo/internal/repository/postgres.go:171.2,171.41 1 1
itsims/demo/internal/repository/postgres.go:171.41,173.3 1 0
itsims/demo/internal/repository/postgres.go:176.2,177.16 2 1
itsims/demo/internal/repository/postgres.go:177.16,179.3 1 1
itsims/demo/internal/repository/postgres.go:180.2,182.21 2 1
itsims/demo/internal/repository/postgres.go:182.21,184.62 2 1
itsims/demo/internal/repository/postgres.go:184.62,186.4 1 1
itsims/demo/internal/repository/postgres.go:187.3,187.52 1 1
itsims/demo/internal/repository/postgres.go:189.2,189.38 1 1
itsims/demo/internal/repository/postgres.go:189.38,191.3 1 0
itsims/demo/internal/repository/postgres.go:193.2,193.27 1 1
itsims/demo/internal/repository/postgres.go:193.27,195.3 1 0
itsims/demo/internal/repository/postgres.go:196.2,196.29 1 1
itsims/demo/internal/repository/postgres.go:196.29,198.3 1 0
itsims/demo/internal/repository/postgres.go:200.2,200.19 1 1
itsims/demo/internal/dependency/handler.go:17.69,19.2 1 1
itsims/demo/internal/dependency/handler.go:21.66,26.2 4 1
itsims/demo/internal/dependency/handler.go:28.61,31.16 3 1
itsims/demo/internal/dependency/handler.go:31.16,34.3 2 1
itsims/demo/internal/dependency/handler.go:36.2,37.16 2 1
itsims/demo/internal/dependency/handler.go:37.16,38.36 1 1
itsims/demo/internal/dependency/handler.go:38.36,41.4 2 1
itsims/demo/internal/dependency/handler.go:42.3,43.9 2 1
itsims/demo/internal/dependency/handler.go:46.2,46.29 1 1
itsims/demo/internal/dependency/handler.go:49.59,52.16 3 1
itsims/demo/internal/dependency/handler.go:52.16,55.3 2 1
itsims/demo/internal/dependency/handler.go:57.2,58.47 2 1
itsims/demo/internal/dependency/handler.go:58.47,61.3 2 1
itsims/demo/internal/dependency/handler.go:63.2,64.16 2 1
itsims/demo/internal/dependency/handler.go:64.16,65.121 1 1
itsims/demo/internal/dependency/handler.go:65.121,68.4 2 1
itsims/demo/internal/dependency/handler.go:69.3,70.9 2 1
itsims/demo/internal/dependency/handler.go:73.2,73.33 1 1
itsims/demo/internal/dependency/handler.go:76.62,79.16 3 1
itsims/demo/internal/dependency/handler.go:79.16,82.3 2 1
itsims/demo/internal/dependency/handler.go:84.2,86.16 3 1
itsims/demo/internal/dependency/handler.go:86.16,89.3 2 1
itsims/demo/internal/dependency/handler.go:91.2,92.16 2 1
itsims/demo/internal/dependency/handler.go:92.16,93.36 1 1
itsims/demo/internal/dependency/handler.go:93.36,96.4 2 1
itsims/demo/internal/dependency/handler.go:97.3,98.9 2 1
itsims/demo/internal/dependency/handler.go:101.2,101.32 1 1
itsims/demo/internal/dependency/handler.go:104.54,106.16 2 1
itsims/demo/internal/dependency/handler.go:106.16,109.3 2 1
itsims/demo/internal/dependency/handler.go:111.2,111.30 1 1
itsims/demo/internal/dependency/repository.go:28.80,30.2 1 1
itsims/demo/internal/dependency/repository.go:34.38,37.16 3 1
itsims/demo/internal/dependency/repository.go:37.16,39.3 1 1
itsims/demo/internal/dependency/repository.go:40.2,40.16 1 1
itsims/demo/internal/dependency/repository.go:43.132,46.16 3 1
itsims/demo/internal/dependency/repository.go:46.16,48.3 1 1
itsims/demo/internal/dependency/repository.go:49.2,51.31 2 1
itsims/demo/internal/dependency/repository.go:54.127,57.16 3 1
itsims/demo/internal/dependency/repository.go:57.16,59.3 1 1
itsims/demo/internal/dependency/repository.go:60.2,62.31 2 1
itsims/demo/internal/dependency/repository.go:65.103,68.16 3 1
itsims/demo/internal/dependency/repository.go:68.16,70.3 1 1
itsims/demo/internal/dependency/repository.go:71.2,73.31 2 1
itsims/demo/internal/dependency/repository.go:76.74,78.18 2 1
itsims/demo/internal/dependency/repository.go:78.18,80.86 2 1
itsims/demo/internal/dependency/repository.go:80.86,82.4 1 1
itsims/demo/internal/dependency/repository.go:83.3,83.25 1 1
itsims/demo/internal/dependency/repository.go:85.2,85.35 1 1
itsims/demo/internal/dependency/repository.go:85.35,87.3 1 0
itsims/demo/internal/dependency/repository.go:88.2,88.17 1 1
itsims/demo/internal/dependency/repository.go:88.17,90.3 1 0
itsims/demo/internal/dependency/repository.go:91.2,91.18 1 1
itsims/demo/internal/dependency/repository.go:94.136,101.2 5 1
itsims/demo/internal/dependency/repository.go:103.88,106.16 3 1
itsims/demo/internal/dependency/repository.go:106.16,108.3 1 1
itsims/demo/internal/dependency/repository.go:109.2,110.16 2 1
itsims/demo/internal/dependency/repository.go:110.16,112.3 1 0
itsims/demo/internal/dependency/repository.go:113.2,113.23 1 1
itsims/demo/internal/dependency/repository.go:113.23,115.3 1 1
itsims/demo/internal/dependency/repository.go:116.2,116.12 1 1
itsims/demo/internal/dependency/repository.go:119.139,123.2 3 1
itsims/demo/internal/dependency/repository.go:125.141,129.16 4 1
itsims/demo/internal/dependency/repository.go:129.16,131.3 1 1
itsims/demo/internal/dependency/repository.go:132.2,132.20 1 1
itsims/demo/internal/dependency/service.go:29.121,34.2 1 1
itsims/demo/internal/dependency/service.go:36.127,38.16 2 1
itsims/demo/internal/dependency/service.go:38.16,40.3 1 1
itsims/demo/internal/dependency/service.go:42.2,43.16 2 1
itsims/demo/internal/dependency/service.go:43.16,45.3 1 1
itsims/demo/internal/dependency/service.go:47.2,52.28 2 1
itsims/demo/internal/dependency/service.go:52.28,54.17 2 1
itsims/demo/internal/dependency/service.go:54.17,55.12 1 1
itsims/demo/internal/dependency/service.go:57.3,57.52 1 1
itsims/demo/internal/dependency/service.go:60.2,60.31 1 1
itsims/demo/internal/dependency/service.go:60.31,62.17 2 1
itsims/demo/internal/dependency/service.go:62.17,63.12 1 0
itsims/demo/internal/dependency/service.go:65.3,65.46 1 1
itsims/demo/internal/dependency/service.go:68.2,68.20 1 1
itsims/demo/internal/dependency/service.go:71.136,73.30 1 1
itsims/demo/internal/dependency/service.go:73.30,75.3 1 1
itsims/demo/internal/dependency/service.go:78.2,79.16 2 1
itsims/demo/internal/dependency/service.go:79.16,81.3 1 1
itsims/demo/internal/dependency/service.go:82.2,82.12 1 1
itsims/demo/internal/dependency/service.go:82.12,84.3 1 1
itsims/demo/internal/dependency/service.go:87.2,88.16 2 1
itsims/demo/internal/dependency/service.go:88.16,90.3 1 1
itsims/demo/internal/dependency/service.go:93.2,94.28 2 1
itsims/demo/internal/dependency/service.go:94.28,96.3 1 1
itsims/demo/internal/dependency/service.go:99.2,99.43 1 1
itsims/demo/internal/dependency/service.go:99.43,101.3 1 1
itsims/demo/internal/dependency/service.go:104.2,104.51 1 1
itsims/demo/internal/dependency/service.go:107.112,109.2 1 1
itsims/demo/internal/dependency/service.go:111.95,113.16 2 1
itsims/demo/internal/dependency/service.go:113.16,115.3 1 1
itsims/demo/internal/dependency/service.go:117.2,118.16 2 1
itsims/demo/internal/dependency/service.go:118.16,120.3 1 1
itsims/demo/internal/dependency/service.go:123.2,124.28 2 1
itsims/demo/internal/dependency/service.go:124.28,127.3 2 1
itsims/demo/internal/dependency/service.go:130.2,131.34 2 1
itsims/demo/internal/dependency/service.go:131.34,133.3 1 1
itsims/demo/internal/dependency/service.go:135.2,140.33 2 1
itsims/demo/internal/dependency/service.go:140.33,141.36 1 1
itsims/demo/internal/dependency/service.go:141.36,148.4 1 1
itsims/demo/internal/dependency/service.go:151.2,151.28 1 1
itsims/demo/internal/dependency/service.go:151.28,157.3 1 1
itsims/demo/internal/dependency/service.go:159.2,159.19 1 1
itsims/demo/internal/dependency/service.go:162.75,165.34 3 1
itsims/demo/internal/dependency/service.go:165.34,166.21 1 1
itsims/demo/internal/dependency/service.go:166.21,168.4 1 1
itsims/demo/internal/dependency/service.go:169.3,169.20 1 1
itsims/demo/internal/dependency/service.go:169.20,171.4 1 0
itsims/demo/internal/dependency/service.go:172.3,173.38 2 1
itsims/demo/internal/dependency/service.go:173.38,174.21 1 1
itsims/demo/internal/dependency/service.go:174.21,176.5 1 1
itsims/demo/internal/dependency/service.go:178.3,178.15 1 1
itsims/demo/internal/dependency/service.go:180.2,180.18 1 1
itsims/demo/internal/service/service.go:16.71,18.2 1 1
itsims/demo/internal/service/service.go:20.104,22.2 1 1
itsims/demo/internal/service/service.go:24.90,26.2 1 1
itsims/demo/internal/service/service.go:28.42,29.48 1 1
itsims/demo/internal/service/service.go:29.48,31.3 1 1
itsims/demo/internal/service/service.go:32.2,32.12 1 1
itsims/demo/internal/service/service.go:35.107,36.22 1 1
itsims/demo/internal/service/service.go:36.22,38.3 1 1
itsims/demo/internal/service/service.go:40.2,40.51 1 1
itsims/demo/internal/service/service.go:40.51,42.3 1 1
itsims/demo/internal/service/service.go:44.2,44.32 1 1
itsims/demo/internal/service/service.go:47.121,48.22 1 1
itsims/demo/internal/service/service.go:48.22,50.3 1 1
itsims/demo/internal/service/service.go:52.2,52.51 1 1
itsims/demo/internal/service/service.go:52.51,54.3 1 1
itsims/demo/internal/service/service.go:56.2,56.36 1 1
itsims/demo/internal/service/service.go:59.71,61.2 1 1
itsims/demo/internal/service/service.go:63.82,65.2 1 1
itsims/demo/internal/handler/handler.go:18.54,20.2 1 1
itsims/demo/internal/handler/handler.go:22.49,26.2 3 1
itsims/demo/internal/handler/handler.go:26.2,33.3 6 1
itsims/demo/internal/handler/handler.go:36.59,38.2 1 0
itsims/demo/internal/handler/handler.go:40.47,42.2 1 1
itsims/demo/internal/handler/handler.go:44.42,52.16 3 1
itsims/demo/internal/handler/handler.go:52.16,55.3 2 1
itsims/demo/internal/handler/handler.go:57.2,57.33 1 1
itsims/demo/internal/handler/handler.go:60.43,63.16 3 1
itsims/demo/internal/handler/handler.go:63.16,66.3 2 1
itsims/demo/internal/handler/handler.go:68.2,69.16 2 1
itsims/demo/internal/handler/handler.go:69.16,70.36 1 1
itsims/demo/internal/handler/handler.go:70.36,73.4 2 1
itsims/demo/internal/handler/handler.go:74.3,75.9 2 1
itsims/demo/internal/handler/handler.go:78.2,78.32 1 1
itsims/demo/internal/handler/handler.go:81.42,83.47 2 1
itsims/demo/internal/handler/handler.go:83.47,86.3 2 1
itsims/demo/internal/handler/handler.go:88.2,89.16 2 1
itsims/demo/internal/handler/handler.go:89.16,92.3 2 1
itsims/demo/internal/handler/handler.go:94.2,94.37 1 1
itsims/demo/internal/handler/handler.go:97.42,100.16 3 1
itsims/demo/internal/handler/handler.go:100.16,103.3 2 1
itsims/demo/internal/handler/handler.go:105.2,106.47 2 1
itsims/demo/internal/handler/handler.go:106.47,109.3 2 1
itsims/demo/internal/handler/handler.go:111.2,112.16 2 1
itsims/demo/internal/handler/handler.go:112.16,113.36 1 1
itsims/demo/internal/handler/handler.go:113.36,116.4 2 1
itsims/demo/internal/handler/handler.go:117.3,118.9 2 1
itsims/demo/internal/handler/handler.go:121.2,121.32 1 1
itsims/demo/internal/handler/handler.go:124.42,127.16 3 1
itsims/demo/internal/handler/handler.go:127.16,130.3 2 1
itsims/demo/internal/handler/handler.go:132.2,133.16 2 1
itsims/demo/internal/handler/handler.go:133.16,134.36 1 1
itsims/demo/internal/handler/handler.go:134.36,137.4 2 1
itsims/demo/internal/handler/handler.go:138.3,139.9 2 1
itsims/demo/internal/handler/handler.go:142.2,142.32 1 1
itsims/demo/internal/handler/handler.go:145.44,147.16 2 1
itsims/demo/internal/handler/handler.go:147.16,150.3 2 1
itsims/demo/internal/handler/handler.go:152.2,152.30 1 1
